<?xml version="1.0" encoding="UTF-8"?>
<testsuite xmlns:xsi="http://www.w3.org/2001/XMLSchema-instance" xsi:noNamespaceSchemaLocation="https://maven.apache.org/surefire/maven-surefire-plugin/xsd/surefire-test-report-3.0.xsd" version="3.0" name="com.ecosimulator.SimulationEngineTest" time="0.036" tests="12" errors="0" skipped="0" failures="0">
  <properties>
[...]
</properties>
  <testcase name="testTurnExecution" classname="com.ecosimulator.SimulationEngineTest" time="0.005"/>
  <testcase name="testScenarioConfigurations" classname="com.ecosimulator.SimulationEngineTest" time="0.003"/>
  <testcase name="testReset" classname="com.ecosimulator.SimulationEngineTest" time="0.002"/>
  <testcase name="testInitialGridCreation" classname="com.ecosimulator.SimulationEngineTest" time="0.002"/>
  <testcase name="testPreyDominantScenario" classname="com.ecosimulator.SimulationEngineTest" time="0.003"/>
  <testcase name="testThirdSpeciesEnabled" classname="com.ecosimulator.SimulationEngineTest" time="0.003"/>
  <testcase name="testPredatorDominantScenario" classname="com.ecosimulator.SimulationEngineTest" time="0.001"/>
  <testcase name="testThirdSpeciesDisabled" classname="com.ecosimulator.SimulationEngineTest" time="0.001"/>
  <testcase name="testBalancedScenarioPopulation" classname="com.ecosimulator.SimulationEngineTest" time="0.001"/>
  <testcase name="testCreatureCount" classname="com.ecosimulator.SimulationEngineTest" time="0.001"/>
  <testcase name="testMutationsEnabled" classname="com.ecosimulator.SimulationEngineTest" time="0.001"/>
  <testcase name="testSimulationStateControl" classname="com.ecosimulator.SimulationEngineTest" time="0.001"/>
</testsuite>